<?xml version="1.0" encoding="UTF-8"?>
<!-- Generated by org.testng.reporters.JUnitReportReporter -->
<testsuite hostname="DESKTOP-N0KA2FS" failures="0" tests="3" name="com.TitanDef.TitanDef_Automation.Login" time="16.754" errors="0" timestamp="2023-09-26T16:15:20 IST" skipped="1">
  <testcase classname="com.TitanDef.TitanDef_Automation.Login" name="testLogin" time="0.001">
    <skipped/>
  </testcase> <!-- testLogin -->
  <testcase classname="com.TitanDef.TitanDef_Automation.Login" name="testLogin" time="7.767"/>
  <testcase classname="com.TitanDef.TitanDef_Automation.Login" name="testLogin" time="8.986"/>
</testsuite> <!-- com.TitanDef.TitanDef_Automation.Login -->
